<?xml version="1.0" encoding="UTF-8"?>
<!-- Generated by org.testng.reporters.JUnitReportReporter -->
<testsuite skipped="0" hostname="DESKTOP-I6AMPCE" name="tests.calculatorAddTest" tests="13" failures="0" timestamp="25 lip 2017 18:44:12 GMT" time="65.525" errors="0">
  <testcase name="shouldntAddTwoWords" time="4.853" classname="tests.calculatorAddTest"/>
  <testcase name="shouldAddTwoNumbers" time="4.895" classname="tests.calculatorAddTest"/>
  <testcase name="shouldAddTwoNumbers" time="6.921" classname="tests.calculatorAddTest"/>
  <testcase name="shouldntAddTwoWords" time="5.227" classname="tests.calculatorAddTest"/>
  <testcase name="shouldAddTwoNumbers" time="4.881" classname="tests.calculatorAddTest"/>
  <testcase name="shouldAddTwoNumbers" time="4.788" classname="tests.calculatorAddTest"/>
  <testcase name="shouldAddTwoNumbers" time="4.781" classname="tests.calculatorAddTest"/>
  <testcase name="shouldAddTwoNumbers" time="4.817" classname="tests.calculatorAddTest"/>
  <testcase name="shouldAddTwoNumbers" time="4.917" classname="tests.calculatorAddTest"/>
  <testcase name="shouldAddTwoNumbers" time="4.809" classname="tests.calculatorAddTest"/>
  <testcase name="shouldntAddTwoWords" time="4.866" classname="tests.calculatorAddTest"/>
  <testcase name="shouldntAddTwoWords" time="4.914" classname="tests.calculatorAddTest"/>
  <testcase name="shouldAddTwoNumbers" time="4.856" classname="tests.calculatorAddTest"/>
</testsuite> <!-- tests.calculatorAddTest -->
