<?xml version="1.0" encoding="UTF-8"?>
<!-- Generated by org.testng.reporters.JUnitReportReporter -->
<testsuite skipped="0" hostname="DESKTOP-I6AMPCE" name="tests.calculatorAddTest" tests="9" failures="0" timestamp="24 lip 2017 10:38:29 GMT" time="41.428" errors="0">
  <testcase name="shouldAddTwoNumbers" time="4.525" classname="tests.calculatorAddTest"/>
  <testcase name="shouldAddTwoNumbers" time="4.426" classname="tests.calculatorAddTest"/>
  <testcase name="shouldAddTwoNumbers" time="4.430" classname="tests.calculatorAddTest"/>
  <testcase name="shouldAddTwoNumbers" time="4.435" classname="tests.calculatorAddTest"/>
  <testcase name="shouldAddTwoNumbers" time="4.402" classname="tests.calculatorAddTest"/>
  <testcase name="shouldAddTwoNumbers" time="4.798" classname="tests.calculatorAddTest"/>
  <testcase name="shouldAddTwoNumbers" time="4.501" classname="tests.calculatorAddTest"/>
  <testcase name="shouldAddTwoNumbers" time="5.400" classname="tests.calculatorAddTest"/>
  <testcase name="shouldAddTwoNumbers" time="4.511" classname="tests.calculatorAddTest"/>
</testsuite> <!-- tests.calculatorAddTest -->
