<?xml version="1.0" encoding="UTF-8"?>
<!-- Generated by org.testng.reporters.JUnitReportReporter -->
<testsuite skipped="0" hostname="DESKTOP-I6AMPCE" name="tests.calculatorDivideTest" tests="9" failures="0" timestamp="24 lip 2017 11:13:48 GMT" time="40.563" errors="0">
  <testcase name="shouldDivideTwoNumbers" time="4.495" classname="tests.calculatorDivideTest"/>
  <testcase name="shouldDivideTwoNumbers" time="4.659" classname="tests.calculatorDivideTest"/>
  <testcase name="shouldDivideTwoNumbers" time="4.382" classname="tests.calculatorDivideTest"/>
  <testcase name="shouldDivideTwoNumbers" time="4.401" classname="tests.calculatorDivideTest"/>
  <testcase name="shouldDivideTwoNumbers" time="4.404" classname="tests.calculatorDivideTest"/>
  <testcase name="shouldDivideTwoNumbers" time="4.390" classname="tests.calculatorDivideTest"/>
  <testcase name="shouldDivideTwoNumbers" time="4.393" classname="tests.calculatorDivideTest"/>
  <testcase name="shouldDivideTwoNumbers" time="5.015" classname="tests.calculatorDivideTest"/>
  <testcase name="shouldDivideTwoNumbers" time="4.424" classname="tests.calculatorDivideTest"/>
</testsuite> <!-- tests.calculatorDivideTest -->
