<?xml version="1.0" encoding="UTF-8"?>
<!-- Generated by org.testng.reporters.JUnitReportReporter -->
<testsuite skipped="0" hostname="DESKTOP-I6AMPCE" name="tests.calculatorAddTest" tests="13" failures="0" timestamp="24 lip 2017 17:50:25 GMT" time="72.459" errors="0">
  <testcase name="shouldntAddTwoWords" time="6.675" classname="tests.calculatorAddTest"/>
  <testcase name="shouldAddTwoNumbers" time="6.672" classname="tests.calculatorAddTest"/>
  <testcase name="shouldntAddTwoWords" time="6.817" classname="tests.calculatorAddTest"/>
  <testcase name="shouldntAddTwoWords" time="6.624" classname="tests.calculatorAddTest"/>
  <testcase name="shouldAddTwoNumbers" time="4.922" classname="tests.calculatorAddTest"/>
  <testcase name="shouldAddTwoNumbers" time="4.819" classname="tests.calculatorAddTest"/>
  <testcase name="shouldAddTwoNumbers" time="4.890" classname="tests.calculatorAddTest"/>
  <testcase name="shouldntAddTwoWords" time="6.829" classname="tests.calculatorAddTest"/>
  <testcase name="shouldAddTwoNumbers" time="4.832" classname="tests.calculatorAddTest"/>
  <testcase name="shouldAddTwoNumbers" time="4.777" classname="tests.calculatorAddTest"/>
  <testcase name="shouldAddTwoNumbers" time="4.932" classname="tests.calculatorAddTest"/>
  <testcase name="shouldAddTwoNumbers" time="4.830" classname="tests.calculatorAddTest"/>
  <testcase name="shouldAddTwoNumbers" time="4.840" classname="tests.calculatorAddTest"/>
</testsuite> <!-- tests.calculatorAddTest -->
