<?xml version="1.0" encoding="UTF-8"?>
<!-- Generated by org.testng.reporters.JUnitReportReporter -->
<testsuite skipped="0" hostname="DESKTOP-I6AMPCE" name="tests.calculatorAddTest" tests="9" failures="0" timestamp="24 lip 2017 09:51:20 GMT" time="43.633" errors="0">
  <testcase name="shouldAddTwoNumbers" time="4.675" classname="tests.calculatorAddTest"/>
  <testcase name="shouldAddTwoNumbers" time="5.019" classname="tests.calculatorAddTest"/>
  <testcase name="shouldAddTwoNumbers" time="4.714" classname="tests.calculatorAddTest"/>
  <testcase name="shouldAddTwoNumbers" time="5.591" classname="tests.calculatorAddTest"/>
  <testcase name="shouldAddTwoNumbers" time="4.755" classname="tests.calculatorAddTest"/>
  <testcase name="shouldAddTwoNumbers" time="4.809" classname="tests.calculatorAddTest"/>
  <testcase name="shouldAddTwoNumbers" time="4.851" classname="tests.calculatorAddTest"/>
  <testcase name="shouldAddTwoNumbers" time="4.714" classname="tests.calculatorAddTest"/>
  <testcase name="shouldAddTwoNumbers" time="4.505" classname="tests.calculatorAddTest"/>
</testsuite> <!-- tests.calculatorAddTest -->
