<?xml version="1.0" encoding="UTF-8"?>
<!-- Generated by org.testng.reporters.JUnitReportReporter -->
<testsuite skipped="0" hostname="DESKTOP-I6AMPCE" name="tests.calculatorAddTest" tests="9" failures="0" timestamp="24 lip 2017 08:18:57 GMT" time="39.648" errors="0">
  <testcase name="shouldAddTwoNumbers" time="4.276" classname="tests.calculatorAddTest"/>
  <testcase name="shouldAddTwoNumbers" time="4.295" classname="tests.calculatorAddTest"/>
  <testcase name="shouldAddTwoNumbers" time="4.285" classname="tests.calculatorAddTest"/>
  <testcase name="shouldAddTwoNumbers" time="4.681" classname="tests.calculatorAddTest"/>
  <testcase name="shouldAddTwoNumbers" time="4.313" classname="tests.calculatorAddTest"/>
  <testcase name="shouldAddTwoNumbers" time="4.905" classname="tests.calculatorAddTest"/>
  <testcase name="shouldAddTwoNumbers" time="4.300" classname="tests.calculatorAddTest"/>
  <testcase name="shouldAddTwoNumbers" time="4.298" classname="tests.calculatorAddTest"/>
  <testcase name="shouldAddTwoNumbers" time="4.295" classname="tests.calculatorAddTest"/>
</testsuite> <!-- tests.calculatorAddTest -->
